2016/10/09 13:24:31 にビルドを開始しました。
     1>ノード 2 上のプロジェクト "C:\Users\miyato\Desktop\Folding\Folding\Folding.vcxproj" (Build ターゲット)。
     1>ClCompile:
         C:\Program Files (x86)\Microsoft Visual Studio 12.0\VC\bin\x86_amd64\CL.exe /c /IC:\Eigens\eigen /I.\GeneratedFiles /I. /IC:\Qt\Qt5.5.1\5.5\msvc2013_64\include /I.\GeneratedFiles\Release /IC:\Qt\Qt5.5.1\5.5\msvc2013_64\include\QtCore /IC:\Qt\Qt5.5.1\5.5\msvc2013_64\include\QtGui /IC:\Qt\Qt5.5.1\5.5\msvc2013_64\include\QtOpenGL /IC:\Qt\Qt5.5.1\5.5\msvc2013_64\include\QtWidgets /I"C:\local\CGAL-4.7\auxiliary\gmp\include" /I"C:\local\CGAL-4.7\build\include" /I"C:\local\CGAL-4.7\include" /IC:\local\boost_1_58_0 /nologo /W1 /WX- /O2 /D UNICODE /D WIN32 /D WIN64 /D QT_DLL /D QT_NO_DEBUG /D NDEBUG /D QT_CORE_LIB /D QT_GUI_LIB /D QT_OPENGL_LIB /D QT_WIDGETS_LIB /Gm- /EHsc /MD /GS /fp:precise /Zc:wchar_t /Zc:forScope /Fo"x64\Release\\" /Fd"x64\Release\vc120.pdb" /Gd /TP /errorReport:prompt GeneratedFiles\Release\moc_Render.cpp GeneratedFiles\Release\moc_folding.cpp InputFile\InputFile.cpp Model_function.cpp Optimization\Animation\Animation.cpp Optimization\SteepDescent.cpp Optimization\trim\TrimFunc.cpp Render.cpp Triangulation_cliping.cpp cgal_MeshControle.cpp defineData.cpp foldingMethod.cpp main.cpp optimization.cpp
         moc_Render.cpp
         moc_folding.cpp
         InputFile.cpp
         Model_function.cpp
         Animation.cpp
         SteepDescent.cpp
         TrimFunc.cpp
         Render.cpp
     1>Render.cpp(25): error C2039: 'topPosY' : 'Model' のメンバーではありません。
                 c:\users\miyato\desktop\folding\folding\defineData.h(444) : 'Model' の宣言を確認してください。
         Triangulation_cliping.cpp
         cgal_MeshControle.cpp
         defineData.cpp
         foldingMethod.cpp
     1>foldingMethod.cpp(3950): error C2059: 構文エラー : ')'
     1>foldingMethod.cpp(3950): error C2143: 構文エラー : ')' が '{' の前にありません。
         main.cpp
         optimization.cpp
         コードを生成中...
     1>プロジェクト "C:\Users\miyato\Desktop\Folding\Folding\Folding.vcxproj" (Build ターゲット) のビルドが終了しました -- 失敗。

ビルドに失敗しました。

経過時間 00:02:06.05
